TN:
SF:packages/api/src/db.ts
FNF:2
FNH:2
DA:1,38
DA:2,33
DA:3,36
DA:5,7
DA:7,18
DA:8,42
DA:9,46
DA:10,46
DA:12,36
DA:13,35
DA:15,246
DA:23,4
DA:25,238
DA:32,4
DA:35,9
DA:36,79
DA:37,2
DA:41,147
DA:46,4
DA:48,281
DA:58,4
DA:60,124
DA:63,4
DA:65,121
DA:68,4
DA:70,143
DA:73,4
DA:75,10
DA:78,11
DA:79,13
DA:80,9
LF:31
LH:31
end_of_record
TN:
SF:packages/api/src/middleware/auth.ts
FNF:4
FNH:4
DA:1,48
DA:2,29
DA:4,39
DA:12,20
DA:13,53
DA:15,40
DA:16,53
DA:17,49
DA:18,21
DA:19,24
DA:21,18
DA:22,72
DA:23,4
DA:25,11
DA:26,62
DA:27,33
DA:30,31
DA:31,16
DA:32,6
DA:33,69
DA:34,2
DA:35,26
DA:37,49
DA:38,49
DA:39,6
DA:41,32
DA:42,18
DA:43,13
DA:44,60
DA:46,2
DA:49,6
DA:50,9
DA:51,8
DA:52,19
DA:53,3
DA:54,53
DA:55,33
DA:56,37
DA:57,14
DA:58,29
DA:59,15
LF:41
LH:41
end_of_record
TN:
SF:packages/api/src/routes/downloads.ts
FNF:16
FNH:15
DA:1,64
DA:5,39
DA:7,38
DA:8,23
DA:9,17
DA:10,3
DA:12,48
DA:13,64
DA:14,42
DA:15,3
DA:17,42
DA:18,18
DA:19,19
DA:20,31
DA:22,31
DA:23,18
DA:24,20
DA:26,39
DA:27,16
DA:28,28
DA:30,29
DA:31,30
DA:34,29
DA:35,22
DA:36,0
DA:37,4
DA:38,16
DA:39,4
DA:42,12
DA:43,17
DA:44,19
DA:45,14
DA:46,16
DA:47,15
DA:48,20
DA:49,33
DA:50,46
DA:51,9
DA:52,7
DA:53,5
DA:54,6
DA:55,18
DA:56,14
DA:57,20
DA:58,33
DA:59,40
DA:60,9
DA:61,10
DA:62,51
DA:63,8
DA:64,14
DA:65,20
DA:66,33
DA:67,29
DA:68,9
DA:69,10
DA:70,32
DA:71,8
DA:72,14
DA:73,20
DA:74,33
DA:75,29
DA:76,9
DA:77,10
DA:78,55
DA:79,8
DA:80,14
DA:81,20
DA:82,33
DA:83,29
DA:84,9
DA:85,10
DA:86,66
DA:87,5
DA:88,3
DA:89,3
DA:90,0
DA:91,0
DA:92,0
DA:93,0
DA:94,0
DA:95,0
DA:96,0
DA:97,0
DA:98,0
DA:99,0
DA:100,0
DA:101,0
DA:102,0
DA:103,0
DA:104,0
DA:105,0
DA:106,0
DA:107,0
DA:108,0
DA:109,0
DA:110,0
DA:111,0
DA:114,4
DA:117,12
DA:118,17
DA:119,18
DA:120,14
DA:121,18
DA:122,14
DA:123,20
DA:124,33
DA:125,34
DA:126,9
DA:127,10
DA:128,57
DA:129,5
DA:130,3
DA:131,3
DA:132,11
DA:133,70
DA:134,29
DA:137,69
DA:138,53
DA:140,32
DA:141,29
DA:142,4
DA:145,27
DA:146,25
DA:147,12
DA:148,31
DA:149,25
DA:150,12
DA:151,62
DA:152,3
DA:153,39
DA:154,3
DA:155,50
DA:157,29
DA:159,4
DA:162,12
DA:163,17
DA:164,21
DA:165,29
DA:166,16
DA:167,26
DA:168,29
DA:169,20
DA:170,6
DA:171,6
DA:172,18
DA:173,14
DA:174,20
DA:175,33
DA:176,37
DA:177,9
DA:178,10
DA:179,49
DA:180,5
DA:181,3
DA:182,3
DA:183,11
DA:184,50
DA:185,29
DA:188,11
DA:189,58
DA:190,4
DA:195,75
DA:197,33
DA:199,4
DA:202,12
DA:203,17
DA:204,21
DA:205,14
DA:206,18
DA:207,14
DA:208,20
DA:209,33
DA:210,37
DA:211,9
DA:212,10
DA:213,44
DA:214,5
DA:215,3
DA:216,3
DA:217,11
DA:218,49
DA:221,29
DA:222,43
DA:224,33
DA:226,4
DA:228,10
LF:187
LH:164
end_of_record
TN:
SF:packages/api/src/routes/library.ts
FNF:52
FNH:38
DA:1,28
DA:2,82
DA:3,62
DA:4,46
DA:8,39
DA:11,36
DA:13,45
DA:14,23
DA:16,0
DA:17,0
DA:19,4
DA:21,0
DA:22,0
DA:24,4
DA:26,0
DA:27,0
DA:28,0
DA:29,0
DA:30,0
DA:31,0
DA:32,0
DA:33,0
DA:34,0
DA:35,0
DA:36,0
DA:38,4
DA:40,0
DA:41,0
DA:43,4
DA:45,0
DA:46,0
DA:48,4
DA:50,40
DA:51,33
DA:52,65
DA:54,15
DA:55,11
DA:56,51
DA:57,13
DA:58,51
DA:65,26
DA:67,21
DA:68,45
DA:69,40
DA:70,22
DA:71,74
DA:72,58
DA:73,79
DA:74,8
DA:75,19
DA:76,27
DA:77,15
DA:78,64
DA:83,79
DA:84,60
DA:87,58
DA:88,59
DA:89,14
DA:90,60
DA:91,3
DA:92,7
DA:95,22
DA:96,52
DA:97,36
DA:98,15
DA:99,72
DA:100,38
DA:101,64
DA:102,29
DA:104,64
DA:105,25
DA:106,10
DA:107,8
DA:108,6
DA:111,4
DA:112,4
DA:115,48
DA:116,48
DA:117,53
DA:118,48
DA:119,88
DA:120,11
DA:121,6
DA:123,34
DA:124,6
DA:125,17
DA:126,38
DA:127,19
DA:128,58
DA:129,19
DA:130,4
DA:131,4
DA:133,37
DA:134,32
DA:135,15
DA:136,21
DA:138,23
DA:139,4
DA:141,0
DA:142,0
DA:144,4
DA:146,0
DA:147,0
DA:148,0
DA:150,4
DA:153,35
DA:154,51
DA:155,60
DA:156,68
DA:158,83
DA:159,21
DA:160,34
DA:161,80
DA:162,39
DA:163,80
DA:164,6
DA:165,52
DA:166,4
DA:168,52
DA:169,38
DA:170,4
DA:173,35
DA:174,14
DA:175,0
DA:176,4
DA:178,33
DA:181,54
DA:182,15
DA:183,0
DA:184,4
DA:186,49
DA:187,66
DA:189,49
DA:190,0
DA:191,0
DA:192,4
DA:194,24
DA:196,33
DA:197,70
DA:198,26
DA:199,115
DA:200,15
DA:201,35
DA:202,86
DA:203,23
DA:204,0
DA:205,0
DA:206,6
DA:208,15
DA:209,63
DA:210,59
DA:212,13
DA:213,13
DA:214,29
DA:215,80
DA:216,21
DA:217,0
DA:218,0
DA:219,8
DA:223,13
DA:224,0
DA:225,4
DA:228,11
DA:229,33
DA:230,4
DA:231,6
DA:232,4
DA:236,28
DA:237,4
DA:240,0
DA:241,0
DA:242,0
DA:243,0
DA:244,0
DA:245,0
DA:246,0
DA:247,0
DA:248,0
DA:249,0
DA:250,0
DA:251,0
DA:252,0
DA:253,0
DA:254,0
DA:255,0
DA:256,0
DA:257,0
DA:258,0
DA:259,0
DA:260,0
DA:261,0
DA:262,0
DA:263,0
DA:264,0
DA:265,0
DA:266,0
DA:267,0
DA:268,0
DA:269,0
DA:270,0
DA:271,0
DA:272,0
DA:273,0
DA:275,4
DA:277,10
DA:286,1
DA:287,7
DA:288,3
DA:289,25
DA:290,29
DA:292,9
DA:293,29
DA:294,16
DA:295,6
DA:296,133
DA:300,2
DA:301,10
DA:303,30
DA:304,31
DA:305,64
DA:306,43
DA:307,53
DA:308,6
DA:309,6
DA:311,60
DA:312,49
DA:313,59
DA:314,4
DA:315,2
DA:316,2
DA:320,39
DA:321,56
DA:322,74
DA:323,98
DA:324,51
DA:325,39
DA:326,4
DA:328,26
DA:329,81
DA:330,69
DA:331,0
DA:332,4
DA:334,38
DA:337,11
DA:338,66
DA:341,13
DA:342,18
DA:343,37
DA:344,38
DA:347,9
DA:348,24
DA:349,0
DA:350,2
DA:351,10
DA:354,24
DA:355,58
DA:357,44
DA:358,36
DA:359,0
DA:361,0
DA:364,20
DA:365,61
DA:366,43
DA:367,43
DA:368,61
DA:369,59
DA:370,67
DA:372,44
DA:373,11
DA:374,11
DA:375,18
DA:376,9
DA:377,4
DA:378,20
DA:379,17
DA:380,2
DA:382,81
DA:385,1
DA:386,5
DA:387,11
DA:388,9
DA:389,5
DA:390,3
DA:391,37
DA:393,18
DA:394,67
DA:395,37
DA:396,44
DA:397,85
DA:398,36
DA:399,39
DA:400,38
DA:401,4
DA:402,23
DA:403,2
DA:405,25
DA:408,1
DA:409,9
DA:410,11
DA:411,9
DA:412,5
DA:413,3
DA:414,41
DA:416,18
DA:417,26
DA:419,29
DA:420,28
DA:421,46
DA:423,16
DA:424,11
DA:425,56
DA:426,0
DA:427,4
DA:430,35
DA:431,46
DA:432,33
DA:433,30
DA:434,8
DA:435,6
DA:437,87
DA:438,40
DA:439,41
DA:440,40
DA:441,6
DA:442,27
DA:443,2
DA:444,2
DA:446,25
DA:458,25
DA:459,46
DA:460,48
DA:461,46
DA:462,57
DA:463,45
DA:464,33
DA:465,34
DA:466,33
DA:467,36
DA:468,53
DA:469,5
DA:471,28
DA:472,24
DA:473,13
DA:474,32
DA:475,19
DA:476,2
DA:478,12
DA:479,24
DA:480,16
DA:481,17
DA:482,16
DA:483,24
DA:484,20
DA:485,1
DA:488,1
DA:489,15
DA:490,10
DA:491,11
DA:492,9
DA:493,5
DA:494,3
DA:495,41
DA:496,53
DA:497,0
DA:498,2
DA:500,57
DA:501,70
DA:502,42
DA:503,32
DA:504,29
DA:505,5
DA:506,53
DA:507,87
DA:508,57
DA:510,47
DA:511,87
DA:512,0
DA:513,0
DA:514,0
DA:515,0
DA:516,0
DA:517,0
DA:519,0
DA:520,0
DA:521,0
DA:522,0
DA:523,0
DA:524,0
DA:526,0
DA:527,0
DA:528,0
DA:529,0
DA:530,0
DA:531,0
DA:532,0
DA:533,0
DA:536,29
DA:537,48
DA:538,42
DA:541,10
DA:542,56
DA:545,11
DA:546,66
DA:549,11
DA:550,76
DA:553,11
DA:554,105
DA:557,11
DA:558,49
DA:559,44
DA:562,12
DA:563,43
DA:566,11
DA:567,26
DA:570,11
DA:571,48
DA:574,0
DA:575,0
DA:576,0
DA:577,0
DA:578,0
DA:582,11
DA:583,25
DA:584,13
DA:585,18
DA:586,32
DA:587,14
DA:588,28
DA:589,21
DA:590,6
LF:430
LH:332
end_of_record
TN:
SF:packages/api/src/routes/search.ts
FNF:7
FNH:5
DA:1,64
DA:5,47
DA:6,30
DA:7,17
DA:8,30
DA:9,32
DA:10,39
DA:11,36
DA:13,47
DA:14,20
DA:15,28
DA:16,28
DA:17,25
DA:18,39
DA:19,36
DA:21,58
DA:23,19
DA:24,30
DA:27,12
DA:28,17
DA:29,18
DA:30,14
DA:31,16
DA:32,25
DA:33,54
DA:34,6
DA:35,6
DA:36,18
DA:37,14
DA:38,20
DA:39,33
DA:40,45
DA:41,9
DA:42,10
DA:43,83
DA:44,8
DA:45,14
DA:46,20
DA:47,33
DA:48,49
DA:49,9
DA:50,10
DA:51,35
DA:52,8
DA:53,14
DA:54,20
DA:55,33
DA:56,45
DA:57,9
DA:58,10
DA:59,37
DA:60,5
DA:61,3
DA:62,3
DA:63,11
DA:64,11
DA:65,37
DA:66,11
DA:67,0
DA:68,6
DA:70,24
DA:73,29
DA:74,60
DA:75,15
DA:76,59
DA:77,25
DA:78,23
DA:79,39
DA:80,37
DA:81,32
DA:82,12
DA:83,8
DA:84,0
DA:85,0
DA:86,0
DA:87,0
DA:88,0
DA:89,6
DA:92,6
DA:95,41
DA:96,35
DA:97,62
DA:98,15
DA:99,78
DA:100,34
DA:101,40
DA:102,34
DA:103,8
DA:104,0
DA:105,0
DA:106,0
DA:107,0
DA:108,0
DA:109,6
DA:112,6
DA:114,14
DA:115,9
DA:116,17
DA:117,14
DA:118,22
DA:119,25
DA:120,43
DA:121,3
DA:122,3
DA:123,1
DA:124,0
DA:125,0
DA:126,0
DA:127,0
DA:128,0
DA:129,0
DA:130,0
DA:131,0
DA:132,0
DA:133,0
DA:134,0
DA:135,1
DA:138,4
DA:141,12
DA:142,17
DA:143,18
DA:144,32
DA:145,16
DA:146,26
DA:147,33
DA:148,6
DA:149,6
DA:150,18
DA:151,14
DA:152,20
DA:153,33
DA:154,45
DA:155,9
DA:156,10
DA:157,48
DA:158,5
DA:159,3
DA:160,3
DA:161,11
DA:162,46
DA:164,60
DA:165,34
DA:166,18
DA:167,78
DA:168,15
DA:169,62
DA:170,39
DA:171,0
DA:172,0
DA:174,0
DA:175,0
DA:176,0
DA:177,0
DA:178,0
DA:179,0
DA:180,0
DA:182,0
DA:183,0
DA:185,1
DA:187,4
DA:190,12
DA:191,17
DA:192,18
DA:193,31
DA:194,16
DA:195,26
DA:196,33
DA:197,6
DA:198,6
DA:199,18
DA:200,14
DA:201,20
DA:202,33
DA:203,47
DA:204,9
DA:205,10
DA:206,36
DA:207,5
DA:208,3
DA:209,3
DA:210,0
DA:211,0
DA:212,0
DA:213,0
DA:214,0
DA:215,0
DA:216,0
DA:217,0
DA:218,0
DA:221,4
DA:224,12
DA:225,17
DA:226,21
DA:227,24
DA:228,16
DA:229,26
DA:230,33
DA:231,6
DA:232,6
DA:233,18
DA:234,14
DA:235,20
DA:236,33
DA:237,47
DA:238,9
DA:239,10
DA:240,36
DA:241,5
DA:242,3
DA:243,3
DA:244,0
DA:245,0
DA:246,0
DA:247,0
DA:248,0
DA:249,0
DA:250,0
DA:251,0
DA:252,0
DA:255,4
DA:257,10
LF:221
LH:170
end_of_record
TN:
SF:packages/api/src/routes/streaming.ts
FNF:4
FNH:3
DA:1,28
DA:5,20
DA:6,23
DA:8,33
DA:9,33
DA:10,61
DA:11,54
DA:12,39
DA:13,36
DA:14,40
DA:15,45
DA:17,17
DA:18,41
DA:19,31
DA:20,4
DA:21,19
DA:22,46
DA:23,31
DA:24,4
DA:26,46
DA:27,4
DA:28,24
DA:29,48
DA:30,5
DA:32,42
DA:33,30
DA:34,38
DA:35,29
DA:36,3
DA:37,4
DA:39,0
DA:40,0
DA:41,0
DA:42,0
DA:43,0
DA:44,0
DA:46,4
DA:48,10
LF:38
LH:32
end_of_record
TN:
SF:packages/api/src/routes/users.ts
FNF:6
FNH:5
DA:1,28
DA:4,56
DA:6,87
DA:7,25
DA:8,69
DA:9,21
DA:10,1
DA:12,19
DA:13,23
DA:15,39
DA:16,45
DA:18,50
DA:19,21
DA:20,53
DA:21,4
DA:23,11
DA:24,41
DA:25,53
DA:26,58
DA:27,0
DA:28,10
DA:29,26
DA:30,29
DA:31,7
DA:32,9
DA:33,20
DA:34,19
DA:35,51
DA:36,62
DA:37,0
DA:38,0
DA:39,0
DA:40,0
DA:41,0
DA:42,1
DA:44,4
DA:46,10
LF:37
LH:31
end_of_record
TN:
SF:packages/api/src/services/download-watcher.ts
FNF:13
FNH:10
DA:1,92
DA:4,106
DA:5,74
DA:6,104
DA:8,78
DA:10,89
DA:33,1
DA:35,87
DA:36,46
DA:37,62
DA:38,98
DA:39,112
DA:40,123
DA:41,42
DA:42,50
DA:43,50
DA:44,92
DA:45,100
DA:46,94
DA:47,14
DA:50,0
DA:51,0
DA:52,0
DA:53,0
DA:54,0
DA:55,0
DA:56,19
DA:59,20
DA:60,38
DA:61,32
DA:62,22
DA:63,9
DA:64,69
DA:65,86
DA:66,68
DA:67,9
DA:68,87
DA:71,21
DA:72,62
DA:73,50
DA:75,22
DA:76,132
DA:77,66
DA:78,64
DA:80,79
DA:81,95
DA:82,85
DA:83,141
DA:84,12
DA:85,95
DA:86,116
DA:87,181
DA:88,86
DA:89,72
DA:90,74
DA:91,82
DA:92,82
DA:93,74
DA:94,34
DA:95,58
DA:96,10
DA:97,32
DA:98,30
DA:99,30
DA:100,70
DA:101,32
DA:102,196
DA:103,21
DA:104,17
DA:105,13
DA:106,13
DA:108,57
DA:109,30
DA:110,152
DA:111,23
DA:112,71
DA:114,54
DA:115,11
DA:116,19
DA:117,58
DA:118,85
DA:119,64
DA:120,16
DA:121,77
DA:123,14
DA:124,62
DA:128,29
DA:129,69
DA:130,82
DA:131,9
DA:133,102
DA:134,26
DA:135,108
DA:136,94
DA:137,21
DA:138,66
DA:140,50
DA:143,46
DA:144,76
DA:145,39
DA:146,59
DA:149,25
DA:150,26
DA:151,20
DA:152,22
DA:153,20
DA:154,26
DA:155,10
DA:156,22
DA:157,62
DA:158,146
DA:159,160
DA:161,14
DA:162,352
DA:165,170
DA:166,15
DA:167,23
DA:172,73
DA:173,76
DA:175,60
DA:176,62
DA:177,72
DA:178,74
DA:179,93
DA:181,26
DA:182,44
DA:183,55
DA:184,33
DA:185,6
DA:187,52
DA:188,43
DA:189,5
DA:191,43
DA:192,50
DA:194,77
DA:195,85
DA:196,19
DA:197,5
DA:199,18
DA:202,0
DA:203,0
DA:204,0
DA:205,0
DA:206,17
DA:209,0
DA:210,59
DA:212,2
LF:147
LH:136
end_of_record
TN:
SF:packages/api/src/services/metadata-fixer.ts
FNF:17
FNH:6
DA:1,74
DA:2,104
DA:3,92
DA:5,86
DA:46,52
DA:47,65
DA:49,0
DA:50,0
DA:51,0
DA:52,0
DA:53,0
DA:54,0
DA:55,0
DA:56,0
DA:57,0
DA:58,0
DA:59,0
DA:60,0
DA:61,0
DA:62,0
DA:63,0
DA:64,0
DA:65,24
DA:68,47
DA:69,91
DA:72,40
DA:73,127
DA:76,0
DA:77,0
DA:78,0
DA:79,50
DA:82,43
DA:83,56
DA:84,50
DA:85,28
DA:86,54
DA:87,42
DA:88,18
DA:89,14
DA:90,42
DA:91,56
DA:92,70
DA:93,68
DA:94,63
DA:98,44
DA:99,59
DA:102,0
DA:103,0
DA:104,0
DA:105,0
DA:106,0
DA:107,0
DA:108,0
DA:109,0
DA:110,9
DA:113,54
DA:114,96
DA:115,112
DA:118,91
DA:119,160
DA:120,124
DA:121,48
DA:122,34
DA:123,32
DA:124,36
DA:125,40
DA:127,127
DA:128,58
DA:129,56
DA:130,100
DA:131,88
DA:132,135
DA:133,50
DA:134,29
DA:135,44
DA:136,140
DA:137,100
DA:138,88
DA:139,68
DA:140,58
DA:141,88
DA:142,38
DA:143,27
DA:144,6
DA:146,100
DA:147,109
DA:148,58
DA:149,5
DA:151,29
DA:159,1
DA:161,0
DA:162,0
DA:163,0
DA:164,0
DA:165,0
DA:166,0
DA:167,0
DA:168,0
DA:169,0
DA:170,0
DA:171,0
DA:172,0
DA:173,0
DA:174,0
DA:175,0
DA:176,0
DA:177,0
DA:178,0
DA:179,0
DA:180,0
DA:181,0
DA:182,0
DA:183,0
DA:184,0
DA:185,0
DA:186,0
DA:187,0
DA:188,0
DA:189,0
DA:190,0
DA:191,0
DA:192,0
DA:193,0
DA:194,0
DA:195,0
DA:196,0
DA:197,0
DA:198,0
DA:199,0
DA:200,0
DA:201,0
DA:202,0
DA:203,0
DA:204,0
DA:205,0
DA:206,0
DA:207,0
DA:208,0
DA:209,0
DA:210,0
DA:211,0
DA:212,0
DA:213,0
DA:214,0
DA:215,0
DA:216,0
DA:217,0
DA:218,0
DA:219,0
DA:220,0
DA:221,0
DA:222,0
DA:223,0
DA:224,0
DA:225,0
DA:226,0
DA:227,0
DA:228,0
DA:229,0
DA:230,0
DA:231,0
DA:232,0
DA:233,0
DA:234,0
DA:235,0
DA:236,0
DA:237,0
DA:238,0
DA:239,0
DA:240,0
DA:241,0
DA:242,0
DA:243,0
DA:244,0
DA:245,0
DA:246,0
DA:247,0
DA:248,0
DA:249,0
DA:250,0
DA:251,0
DA:252,0
DA:253,0
DA:254,0
DA:255,0
DA:256,0
DA:257,0
DA:258,0
DA:259,0
DA:260,0
DA:261,0
DA:262,0
DA:263,0
DA:264,0
DA:265,0
DA:266,0
DA:267,0
DA:268,0
DA:269,0
DA:270,0
DA:271,0
DA:272,0
DA:273,0
DA:274,0
DA:275,0
DA:276,0
DA:277,0
DA:278,0
DA:279,0
DA:280,0
DA:281,0
DA:282,0
DA:283,0
DA:284,0
DA:285,0
DA:286,0
DA:287,0
DA:288,0
DA:289,0
DA:290,0
DA:291,0
DA:292,0
DA:293,0
DA:294,0
DA:295,0
DA:296,0
DA:297,0
DA:298,0
DA:299,0
DA:300,0
DA:301,0
DA:302,0
DA:303,0
DA:304,0
DA:305,0
DA:306,0
DA:307,0
DA:308,0
DA:309,0
DA:310,0
DA:311,0
DA:312,0
DA:313,0
DA:314,0
DA:315,0
DA:316,0
DA:317,0
DA:318,0
DA:319,0
DA:320,0
DA:321,0
DA:322,0
DA:323,0
DA:324,0
DA:325,0
DA:326,0
DA:327,0
DA:328,0
DA:329,0
DA:330,0
DA:331,0
DA:332,0
DA:333,0
DA:334,0
DA:335,0
DA:336,0
DA:337,0
DA:338,0
DA:339,0
DA:340,0
DA:341,0
DA:342,0
DA:343,0
DA:344,0
DA:345,0
DA:346,0
DA:347,0
DA:348,0
DA:349,0
DA:350,0
DA:351,0
DA:352,0
DA:353,0
DA:354,0
DA:355,0
DA:356,0
DA:357,0
DA:358,0
DA:359,0
DA:360,0
DA:361,0
DA:362,0
DA:363,0
DA:364,0
DA:365,0
DA:366,0
DA:367,0
DA:368,0
DA:369,0
DA:370,0
DA:371,0
DA:372,0
DA:373,0
DA:374,0
DA:375,0
DA:376,0
DA:377,0
DA:378,0
DA:379,0
DA:380,0
DA:381,0
DA:382,0
DA:383,0
DA:384,0
DA:385,23
DA:389,0
DA:390,0
DA:391,0
DA:392,0
DA:393,0
DA:394,0
DA:395,0
DA:396,0
DA:397,0
DA:398,0
DA:399,0
DA:400,0
DA:401,0
DA:402,0
DA:403,0
DA:404,0
DA:405,0
DA:406,0
DA:407,0
DA:408,0
DA:409,0
DA:410,18
DA:413,0
DA:414,0
DA:415,0
DA:416,0
DA:417,17
DA:420,0
DA:421,56
DA:423,2
LF:345
LH:68
end_of_record
TN:
SF:packages/api/src/services/playback-state.ts
FNF:13
FNH:11
DA:46,1
DA:48,27
DA:49,24
DA:50,81
DA:53,24
DA:54,41
DA:57,26
DA:58,147
DA:62,35
DA:63,54
DA:64,95
DA:65,145
DA:66,64
DA:67,9
DA:68,9
DA:72,41
DA:73,140
DA:74,84
DA:78,46
DA:79,140
DA:82,42
DA:83,228
DA:84,102
DA:87,0
DA:88,0
DA:89,0
DA:90,0
DA:91,0
DA:92,7
DA:95,36
DA:96,56
DA:97,89
DA:98,130
DA:99,9
DA:100,102
DA:103,29
DA:104,80
DA:105,37
DA:106,66
DA:107,9
DA:110,41
DA:111,67
DA:113,1
LF:43
LH:38
end_of_record
TN:
SF:packages/api/src/services/provider-registry.ts
FNF:8
FNH:4
DA:3,49
DA:4,43
DA:6,40
DA:7,96
DA:10,0
DA:11,34
DA:14,33
DA:15,151
DA:18,0
DA:19,38
DA:22,0
DA:23,49
DA:26,33
DA:27,109
DA:28,8
DA:29,56
DA:30,85
DA:31,18
DA:32,37
DA:33,5
DA:34,9
DA:35,28
DA:37,1
LF:23
LH:20
end_of_record
TN:
SF:packages/api/src/services/providers/navidrome-provider.ts
FNF:4
FNH:3
DA:6,1
DA:8,112
DA:10,32
DA:11,124
DA:12,44
DA:13,42
DA:14,34
DA:15,14
DA:17,28
DA:18,36
DA:19,68
DA:20,64
DA:21,54
DA:22,10
DA:23,0
DA:24,0
DA:25,0
DA:26,0
DA:27,0
DA:28,0
DA:29,0
DA:30,23
DA:33,1
LF:23
LH:16
end_of_record
TN:
SF:packages/api/src/services/providers/slskd-provider.ts
FNF:16
FNH:12
DA:2,112
DA:4,121
DA:11,1
DA:13,106
DA:15,32
DA:16,80
DA:17,66
DA:19,82
DA:21,22
DA:22,122
DA:23,112
DA:24,75
DA:25,19
DA:26,67
DA:29,34
DA:30,53
DA:31,37
DA:32,42
DA:33,9
DA:34,63
DA:35,58
DA:36,41
DA:37,7
DA:39,27
DA:43,43
DA:44,120
DA:45,80
DA:47,66
DA:48,64
DA:49,9
DA:51,22
DA:52,122
DA:53,146
DA:55,32
DA:56,129
DA:57,88
DA:58,83
DA:59,62
DA:60,100
DA:61,74
DA:62,74
DA:63,46
DA:64,53
DA:65,168
DA:66,90
DA:67,4
DA:68,49
DA:69,66
DA:70,50
DA:71,62
DA:72,64
DA:73,94
DA:74,21
DA:75,17
DA:76,9
DA:77,19
DA:78,67
DA:79,0
DA:80,0
DA:81,0
DA:82,0
DA:83,0
DA:84,0
DA:85,0
DA:86,0
DA:87,0
DA:88,0
DA:89,0
DA:90,0
DA:91,0
DA:92,0
DA:93,0
DA:94,0
DA:95,0
DA:96,0
DA:97,0
DA:98,0
DA:99,0
DA:100,0
DA:101,0
DA:102,0
DA:103,0
DA:104,0
DA:105,0
DA:106,0
DA:107,0
DA:108,0
DA:109,0
DA:110,49
DA:113,42
DA:114,138
DA:115,144
DA:116,63
DA:117,109
DA:118,160
DA:119,86
DA:120,16
DA:121,38
DA:122,24
DA:123,58
DA:124,74
DA:125,8
DA:126,9
DA:128,2
LF:104
LH:73
end_of_record
TN:
SF:packages/api/src/services/websocket.ts
FNF:9
FNH:5
DA:2,58
DA:4,28
DA:5,33
DA:7,12
DA:8,45
DA:9,32
DA:11,55
DA:13,0
DA:14,0
DA:15,0
DA:16,3
DA:19,0
DA:21,4
DA:23,0
DA:25,4
DA:27,0
DA:29,4
DA:32,17
DA:33,26
DA:34,55
DA:36,12
DA:37,30
DA:38,55
DA:40,32
DA:41,13
DA:42,55
DA:44,34
DA:45,25
DA:46,39
DA:47,58
DA:48,38
DA:49,17
DA:50,38
DA:51,53
DA:52,63
DA:53,15
DA:55,38
DA:56,33
DA:57,26
DA:58,42
DA:59,43
DA:60,13
DA:61,16
DA:62,5
DA:63,5
DA:65,26
DA:66,45
DA:67,76
DA:68,5
DA:69,5
DA:71,29
DA:72,48
DA:76,62
DA:77,89
DA:78,42
DA:79,21
DA:80,59
DA:82,5
DA:83,5
DA:85,24
DA:86,44
DA:89,37
DA:90,53
DA:91,44
DA:92,54
DA:93,43
DA:94,92
DA:95,45
DA:96,65
DA:97,48
DA:98,37
DA:99,56
DA:100,50
DA:101,32
DA:102,25
DA:103,15
DA:104,13
DA:107,46
DA:108,5
DA:109,5
DA:111,32
DA:112,45
DA:114,89
DA:115,37
DA:116,48
DA:117,48
DA:118,32
DA:119,35
DA:120,15
DA:121,12
DA:122,5
DA:123,5
DA:125,34
DA:126,69
DA:127,5
DA:128,5
DA:130,30
DA:131,45
DA:132,34
DA:133,53
DA:134,61
DA:135,76
DA:136,15
DA:137,12
DA:138,5
DA:139,7
DA:141,21
DA:142,52
DA:145,31
DA:146,39
DA:147,28
DA:148,46
DA:149,6
DA:150,29
DA:152,1
LF:115
LH:109
end_of_record
TN:
SF:packages/core/src/index.ts
FNF:1
FNH:1
DA:2,34
DA:3,33
DA:4,37
DA:5,36
DA:6,36
DA:9,34
DA:10,34
DA:11,33
LF:8
LH:8
end_of_record
TN:
SF:packages/core/src/types/config.ts
FNF:1
FNH:1
DA:1,24
DA:3,66
DA:6,47
DA:7,33
DA:8,45
DA:9,42
DA:10,46
DA:11,15
DA:12,12
DA:13,39
DA:14,50
DA:15,3
DA:16,14
DA:18,24
DA:19,37
DA:20,37
DA:21,45
DA:22,39
DA:23,5
DA:25,21
DA:26,59
DA:27,35
DA:28,45
DA:29,34
DA:30,5
DA:32,25
DA:33,59
DA:34,35
DA:35,45
DA:36,34
DA:37,5
DA:39,19
DA:40,76
DA:41,38
DA:42,3
DA:43,2
LF:36
LH:36
end_of_record
TN:
SF:packages/core/src/types/navidrome.ts
FNF:0
FNH:0
LF:0
LH:0
end_of_record
TN:
SF:packages/core/src/types/nicotind.ts
FNF:0
FNH:0
LF:0
LH:0
end_of_record
TN:
SF:packages/core/src/types/provider.ts
FNF:1
FNH:1
DA:74,51
DA:75,8
DA:76,43
DA:77,40
LF:4
LH:4
end_of_record
TN:
SF:packages/core/src/types/slskd.ts
FNF:0
FNH:0
LF:0
LH:0
end_of_record
TN:
SF:packages/core/src/utils/crypto.ts
FNF:5
FNH:0
DA:1,54
DA:6,0
DA:7,0
DA:8,0
DA:9,1
DA:12,0
DA:13,1
DA:16,0
DA:17,1
DA:20,0
DA:21,1
DA:24,0
LF:12
LH:5
end_of_record
TN:
SF:packages/core/src/utils/errors.ts
FNF:5
FNH:0
DA:2,0
DA:3,0
DA:4,0
DA:5,0
DA:6,0
DA:7,0
DA:8,33
DA:10,2
DA:12,93
DA:13,0
DA:14,0
DA:15,29
DA:17,2
DA:19,101
DA:20,0
DA:21,0
DA:22,33
DA:24,2
DA:26,121
DA:27,0
DA:28,0
DA:29,43
DA:31,2
DA:33,105
DA:34,0
DA:35,0
DA:36,35
DA:38,1
LF:28
LH:14
end_of_record
TN:
SF:packages/core/src/utils/logger.ts
FNF:1
FNH:1
DA:1,44
DA:2,24
DA:4,47
DA:5,52
DA:7,31
DA:8,17
DA:9,9
DA:10,10
DA:11,11
DA:12,39
DA:13,53
DA:14,1
DA:15,2
LF:13
LH:13
end_of_record
TN:
SF:packages/web/src/lib/downloadStatus.ts
FNF:10
FNH:9
DA:11,32
DA:12,57
DA:13,49
DA:14,43
DA:15,41
DA:16,36
DA:17,2
DA:19,6
DA:20,10
DA:21,10
DA:22,10
DA:23,11
DA:24,3
DA:25,42
DA:27,12
DA:28,83
DA:29,65
DA:30,2
DA:32,31
DA:34,58
DA:35,77
DA:37,92
DA:38,63
DA:40,40
DA:41,66
DA:44,67
DA:59,6
DA:60,7
DA:61,10
DA:62,11
DA:63,3
DA:64,22
DA:65,44
DA:66,31
DA:69,97
DA:70,68
DA:73,97
DA:74,31
DA:75,92
DA:76,71
DA:77,2
DA:80,4
DA:81,22
DA:82,35
DA:83,58
DA:85,66
DA:88,92
DA:89,63
DA:91,76
DA:94,54
DA:101,0
DA:102,0
DA:103,0
DA:104,0
DA:105,0
DA:106,0
DA:107,0
DA:108,0
DA:109,0
DA:110,0
DA:111,0
DA:112,0
LF:62
LH:50
end_of_record
TN:
SF:packages/web/src/lib/folderUtils.ts
FNF:6
FNH:6
DA:39,19
DA:40,45
DA:41,54
DA:45,6
DA:46,7
DA:58,3
DA:59,22
DA:61,30
DA:62,48
DA:63,43
DA:64,25
DA:65,22
DA:66,32
DA:67,38
DA:68,23
DA:69,30
DA:70,15
DA:71,7
DA:72,4
DA:73,31
DA:74,30
DA:75,22
DA:76,28
DA:77,26
DA:78,24
DA:79,26
DA:80,24
DA:81,33
DA:82,5
DA:83,2
DA:85,32
DA:89,15
DA:90,18
DA:92,28
DA:93,42
DA:94,28
DA:95,25
DA:97,47
DA:98,34
DA:99,70
DA:101,63
DA:102,19
DA:103,18
DA:104,18
DA:105,32
DA:106,20
DA:107,20
DA:108,10
DA:109,30
DA:110,6
DA:112,39
DA:113,21
DA:114,6
DA:116,33
DA:117,2
DA:118,2
DA:120,12
DA:124,29
DA:125,54
DA:126,23
LF:60
LH:60
end_of_record
TN:
SF:packages/web/src/lib/trackUtils.ts
FNF:1
FNH:1
DA:15,30
DA:16,12
DA:17,16
DA:18,22
DA:19,24
DA:20,39
DA:21,28
DA:22,25
DA:23,1
LF:9
LH:9
end_of_record
